INFO:     Will watch for changes in these directories: ['/Users/sankaranarayanann/PayLens']
INFO:     Uvicorn running on http://0.0.0.0:8000 (Press CTRL+C to quit)
INFO:     Started reloader process [6719] using WatchFiles
INFO:     Started server process [6724]
INFO:     Waiting for application startup.
INFO:     Application startup complete.
INFO:     127.0.0.1:58645 - "GET /docs HTTP/1.1" 200 OK
INFO:     127.0.0.1:58645 - "GET /openapi.json HTTP/1.1" 200 OK
INFO:     127.0.0.1:58688 - "GET /openapi.json HTTP/1.1" 200 OK
INFO:     127.0.0.1:58690 - "GET /api/health HTTP/1.1" 404 Not Found
INFO:     127.0.0.1:58692 - "GET /api/hello HTTP/1.1" 200 OK
INFO:     127.0.0.1:58694 - "GET /openapi.json HTTP/1.1" 200 OK
INFO:     127.0.0.1:59330 - "POST /infer_row HTTP/1.1" 200 OK
WARNING:  WatchFiles detected changes in 'test_data/generate_excel.py'. Reloading...
INFO:     Shutting down
INFO:     Waiting for application shutdown.
INFO:     Application shutdown complete.
INFO:     Finished server process [6724]
WARNING:  WatchFiles detected changes in 'test_data/generate_excel.py'. Reloading...
INFO:     Started server process [8045]
INFO:     Waiting for application startup.
INFO:     Application startup complete.
WARNING:  WatchFiles detected changes in 'test_data/generate_excel.py'. Reloading...
INFO:     Shutting down
INFO:     Waiting for application shutdown.
INFO:     Application shutdown complete.
INFO:     Finished server process [8045]
INFO:     Started server process [8059]
INFO:     Waiting for application startup.
INFO:     Application startup complete.
INFO:     127.0.0.1:59403 - "POST /upload HTTP/1.1" 200 OK
WARNING:  WatchFiles detected changes in 'test_data/batch_infer.py'. Reloading...
INFO:     Shutting down
INFO:     Waiting for application shutdown.
INFO:     Application shutdown complete.
INFO:     Finished server process [8059]
WARNING:  WatchFiles detected changes in 'test_data/batch_infer.py'. Reloading...
INFO:     Started server process [8319]
INFO:     Waiting for application startup.
INFO:     Application startup complete.
WARNING:  WatchFiles detected changes in 'test_data/batch_infer.py'. Reloading...
INFO:     Shutting down
INFO:     Waiting for application shutdown.
INFO:     Application shutdown complete.
INFO:     Finished server process [8319]
INFO:     Started server process [8325]
INFO:     Waiting for application startup.
INFO:     Application startup complete.
WARNING:  WatchFiles detected changes in 'backend/app/main.py'. Reloading...
INFO:     Shutting down
INFO:     Waiting for application shutdown.
INFO:     Application shutdown complete.
INFO:     Finished server process [8325]
INFO:     Started server process [8635]
INFO:     Waiting for application startup.
INFO:     Application startup complete.
WARNING:  WatchFiles detected changes in 'backend/app/main.py'. Reloading...
INFO:     Shutting down
INFO:     Waiting for application shutdown.
INFO:     Application shutdown complete.
INFO:     Finished server process [8635]
INFO:     Started server process [8931]
INFO:     Waiting for application startup.
INFO:     Application startup complete.
INFO:     127.0.0.1:61031 - "POST /infer_file?format=xlsx&time_limit_seconds=2.0 HTTP/1.1" 200 OK
INFO:     127.0.0.1:61040 - "GET /health HTTP/1.1" 200 OK
INFO:     127.0.0.1:61041 - "POST /infer_file?format=xlsx&time_limit_seconds=2.0 HTTP/1.1" 200 OK
WARNING:  WatchFiles detected changes in 'backend/app/main.py'. Reloading...
INFO:     Shutting down
INFO:     Waiting for application shutdown.
INFO:     Application shutdown complete.
INFO:     Finished server process [8931]
INFO:     Started server process [11056]
INFO:     Waiting for application startup.
INFO:     Application startup complete.
WARNING:  WatchFiles detected changes in 'backend/app/main.py'. Reloading...
INFO:     Shutting down
INFO:     Waiting for application shutdown.
INFO:     Application shutdown complete.
INFO:     Finished server process [11056]
INFO:     Started server process [11071]
INFO:     Waiting for application startup.
INFO:     Application startup complete.
INFO:     127.0.0.1:61219 - "POST /infer_file?format=xlsx&time_limit_seconds=2.0 HTTP/1.1" 200 OK
WARNING:  WatchFiles detected changes in 'backend/app/main.py'. Reloading...
INFO:     Shutting down
INFO:     Waiting for application shutdown.
INFO:     Application shutdown complete.
INFO:     Finished server process [11071]
INFO:     Started server process [12003]
INFO:     Waiting for application startup.
INFO:     Application startup complete.
WARNING:  WatchFiles detected changes in 'backend/app/main.py'. Reloading...
INFO:     Shutting down
INFO:     Waiting for application shutdown.
INFO:     Application shutdown complete.
INFO:     Finished server process [12003]
INFO:     Started server process [12011]
INFO:     Waiting for application startup.
INFO:     Application startup complete.
INFO:     127.0.0.1:61256 - "POST /infer_file?format=xlsx&time_limit_seconds=2.0 HTTP/1.1" 200 OK
INFO:     127.0.0.1:61257 - "GET /results HTTP/1.1" 200 OK
INFO:     127.0.0.1:61258 - "GET /results HTTP/1.1" 200 OK
WARNING:  WatchFiles detected changes in 'backend/app/main.py'. Reloading...
INFO:     Shutting down
INFO:     Waiting for application shutdown.
INFO:     Application shutdown complete.
INFO:     Finished server process [12011]
INFO:     Started server process [12763]
INFO:     Waiting for application startup.
INFO:     Application startup complete.
INFO:     127.0.0.1:61259 - "GET /results/%24RID HTTP/1.1" 404 Not Found
INFO:     127.0.0.1:61262 - "GET /results HTTP/1.1" 200 OK
